bun test v1.3.12 (700fc117)
-------------------------------------------|---------|---------|-------------------
File                                       | % Funcs | % Lines | Uncovered Line #s
-------------------------------------------|---------|---------|-------------------
All files                                  |   62.00 |   58.35 |
 src/compensators/completeness.ts          |    0.00 |   18.52 | 9-24,43-54,66-81
 src/compensators/completion-enforcer.ts   |   50.00 |   47.73 | 34-36,50-69
 src/compensators/deferral-tracker.ts      |    0.00 |   25.45 | 21-35,51-76
 src/compensators/merge-validator.ts       |    0.00 |   20.93 | 31-64
 src/compensators/pipeline.ts              |  100.00 |   32.82 | 51-60,64-76,80-92,96-105,107-118,122-131,135-144,161-170
 src/compensators/trailing-off.ts          |    0.00 |    2.94 | 16,20-51
 src/index.ts                              |  100.00 |  100.00 | 
 src/state/atomic-io.ts                    |   54.55 |   33.33 | 16-19,28-38,40,48-49,66-70,77,81-111,127-144,148-152
 src/state/state-resolver.ts               |   50.00 |   33.33 | 35-39,43-59
 src/verification/artifact-parsers.ts      |  100.00 |   94.70 | 36,241-247
 src/verification/claim-judge.ts           |  100.00 |   98.36 | 122
 src/verification/compliance-governor.ts   |  100.00 |  100.00 | 
 src/verification/evidence-requirements.ts |   50.00 |   51.92 | 35-59
 src/verification/proof-chain.ts           |   87.50 |   74.29 | 47-55
 src/verification/proof-gate.ts            |  100.00 |   99.24 | 
 src/verification/test-intent-lock.ts      |  100.00 |  100.00 | 
-------------------------------------------|---------|---------|-------------------

 86 pass
 0 fail
 153 expect() calls
Ran 86 tests across 4 files. [195.00ms]
